#
# There is insufficient memory for the Java Runtime Environment to continue.
# Native memory allocation (malloc) failed to allocate 1640816 bytes for Chunk::new
# Possible reasons:
#   The system is out of physical RAM or swap space
#   In 32 bit mode, the process size limit was hit
# Possible solutions:
#   Reduce memory load on the system
#   Increase physical memory or swap space
#   Check if swap backing store is full
#   Use 64 bit Java on a 64 bit OS
#   Decrease Java heap size (-Xmx/-Xms)
#   Decrease number of Java threads
#   Decrease Java thread stack sizes (-Xss)
#   Set larger code cache with -XX:ReservedCodeCacheSize=
# This output file may be truncated or incomplete.
#
#  Out of Memory Error (allocation.cpp:390), pid=13776, tid=0x0000000000007260
#
# JRE version: Java(TM) SE Runtime Environment (8.0_161-b12) (build 1.8.0_161-b12)
# Java VM: Java HotSpot(TM) 64-Bit Server VM (25.161-b12 mixed mode windows-amd64 compressed oops)
# Failed to write core dump. Minidumps are not enabled by default on client versions of Windows
#

---------------  T H R E A D  ---------------

Current thread (0x0000000019681800):  JavaThread "C2 CompilerThread1" daemon [_thread_in_native, id=29280, stack(0x0000000019ef0000,0x0000000019ff0000)]

Stack: [0x0000000019ef0000,0x0000000019ff0000]
[error occurred during error reporting (printing stack bounds), id 0xc0000005]

Native frames: (J=compiled Java code, j=interpreted, Vv=VM code, C=native code)


Current CompileTask:
C2:  25294 6020       4       java.lang.Class::annotationData (44 bytes)


---------------  P R O C E S S  ---------------

Java Threads: ( => current thread )
  0x000000001c705800 JavaThread "HikariPool-1 housekeeper" daemon [_thread_blocked, id=12504, stack(0x0000000023fb0000,0x00000000240b0000)]
  0x000000002078c800 JavaThread "Abandoned connection cleanup thread" daemon [_thread_blocked, id=27308, stack(0x0000000023bb0000,0x0000000023cb0000)]
  0x000000001aeaf800 JavaThread "container-0" [_thread_blocked, id=24940, stack(0x0000000021350000,0x0000000021450000)]
  0x000000001dcad000 JavaThread "Catalina-utility-1" [_thread_blocked, id=14688, stack(0x000000001fe50000,0x000000001ff50000)]
  0x00000000196e1000 JavaThread "Service Thread" daemon [_thread_blocked, id=10572, stack(0x000000001a0f0000,0x000000001a1f0000)]
  0x00000000196ca000 JavaThread "C1 CompilerThread2" daemon [_thread_blocked, id=16284, stack(0x0000000019ff0000,0x000000001a0f0000)]
=>0x0000000019681800 JavaThread "C2 CompilerThread1" daemon [_thread_in_native, id=29280, stack(0x0000000019ef0000,0x0000000019ff0000)]
  0x0000000019680800 JavaThread "C2 CompilerThread0" daemon [_thread_in_native, id=23876, stack(0x0000000019df0000,0x0000000019ef0000)]
  0x00000000178ba000 JavaThread "JDWP Command Reader" daemon [_thread_in_native, id=26232, stack(0x00000000190f0000,0x00000000191f0000)]
  0x00000000178b6800 JavaThread "JDWP Event Helper Thread" daemon [_thread_blocked, id=3888, stack(0x0000000018ff0000,0x00000000190f0000)]
  0x00000000178a9800 JavaThread "JDWP Transport Listener: dt_socket" daemon [_thread_blocked, id=18172, stack(0x0000000018ef0000,0x0000000018ff0000)]
  0x000000001789f000 JavaThread "Attach Listener" daemon [_thread_blocked, id=28868, stack(0x0000000018df0000,0x0000000018ef0000)]
  0x000000001789d800 JavaThread "Signal Dispatcher" daemon [_thread_blocked, id=18056, stack(0x0000000018cf0000,0x0000000018df0000)]
  0x0000000017880000 JavaThread "Finalizer" daemon [_thread_blocked, id=25312, stack(0x0000000018af0000,0x0000000018bf0000)]
  0x0000000002b87000 JavaThread "Reference Handler" daemon [_thread_blocked, id=12108, stack(0x00000000189f0000,0x0000000018af0000)]
  0x0000000002a97000 JavaThread "main" [_thread_in_native, id=11288, stack(0x0000000002990000,0x0000000002a90000)]

Other Threads:
  0x0000000017857000 VMThread [stack: 0x00000000188f0000,0x00000000189f0000] [id=17912]
  0x000000001978d000 WatcherThread [stack: 0x000000001a1f0000,0x000000001a2f0000] [id=26884]

VM state:not at safepoint (normal execution)

VM Mutex/Monitor currently owned by a thread: None

Heap:
 PSYoungGen      total 238080K, used 129884K [0x00000000d5f00000, 0x00000000e6000000, 0x0000000100000000)
  eden space 222208K, 58% used [0x00000000d5f00000,0x00000000dddd7238,0x00000000e3800000)
  from space 15872K, 0% used [0x00000000e4b80000,0x00000000e4b80000,0x00000000e5b00000)
  to   space 19968K, 0% used [0x00000000e3800000,0x00000000e3800000,0x00000000e4b80000)
 ParOldGen       total 83456K, used 33668K [0x0000000081c00000, 0x0000000086d80000, 0x00000000d5f00000)
  object space 83456K, 40% used [0x0000000081c00000,0x0000000083ce10f0,0x0000000086d80000)
 Metaspace       used 64040K, capacity 66684K, committed 66816K, reserved 1107968K
  class space    used 8678K, capacity 9132K, committed 9216K, reserved 1048576K

Card table byte_map: [0x0000000012120000,0x0000000012520000] byte_map_base: 0x0000000011d12000

Marking Bits: (ParMarkBitMap*) 0x000000006b70f860
 Begin Bits: [0x0000000012bd0000, 0x0000000014b60000)
 End Bits:   [0x0000000014b60000, 0x0000000016af0000)

Polling page: 0x0000000002820000

CodeCache: size=245760Kb used=20633Kb max_used=20633Kb free=225126Kb
 bounds [0x0000000002d60000, 0x00000000041a0000, 0x0000000011d60000]
 total_blobs=5879 nmethods=5348 adapters=450
 compilation: enabled

Compilation events (10 events):
Event: 25.235 Thread 0x00000000196ca000 6050  s    2       sun.misc.URLClassPath::getNextLoader (88 bytes)
Event: 25.236 Thread 0x00000000196ca000 nmethod 6050 0x0000000004197950 code [0x0000000004197b00, 0x00000000041980c8]
Event: 25.236 Thread 0x00000000196ca000 6051  s!   2       sun.misc.URLClassPath::getLoader (243 bytes)
Event: 25.238 Thread 0x00000000196ca000 nmethod 6051 0x00000000041984d0 code [0x00000000041987a0, 0x0000000004199de8]
Event: 25.240 Thread 0x00000000196ca000 6052       2       sun.reflect.generics.parser.SignatureParser::parsePackageNameAndSimpleClassTypeSignature (139 bytes)
Event: 25.241 Thread 0x00000000196ca000 nmethod 6052 0x000000000419b0d0 code [0x000000000419b340, 0x000000000419bde8]
Event: 25.258 Thread 0x00000000196ca000 6053       2       java.lang.reflect.Modifier::isVolatile (13 bytes)
Event: 25.259 Thread 0x00000000196ca000 nmethod 6053 0x000000000419c690 code [0x000000000419c7e0, 0x000000000419c930]
Event: 25.260 Thread 0x00000000196ca000 6054       2       java.lang.ThreadLocal::setInitialValue (36 bytes)
Event: 25.260 Thread 0x00000000196ca000 nmethod 6054 0x000000000419c990 code [0x000000000419cb20, 0x000000000419cd58]

GC Heap History (10 events):
Event: 11.604 GC heap before
{Heap before GC invocations=9 (full 1):
 PSYoungGen      total 116224K, used 31992K [0x00000000d5f00000, 0x00000000e1f00000, 0x0000000100000000)
  eden space 107008K, 21% used [0x00000000d5f00000,0x00000000d753e330,0x00000000dc780000)
  from space 9216K, 99% used [0x00000000dc780000,0x00000000dd07fe20,0x00000000dd080000)
  to   space 11776K, 0% used [0x00000000e1380000,0x00000000e1380000,0x00000000e1f00000)
 ParOldGen       total 55296K, used 12547K [0x0000000081c00000, 0x0000000085200000, 0x00000000d5f00000)
  object space 55296K, 22% used [0x0000000081c00000,0x0000000082840e30,0x0000000085200000)
 Metaspace       used 33862K, capacity 35366K, committed 35416K, reserved 1079296K
  class space    used 4382K, capacity 4689K, committed 4736K, reserved 1048576K
Event: 11.618 GC heap after
Heap after GC invocations=9 (full 1):
 PSYoungGen      total 184320K, used 9837K [0x00000000d5f00000, 0x00000000e2280000, 0x0000000100000000)
  eden space 172544K, 0% used [0x00000000d5f00000,0x00000000d5f00000,0x00000000e0780000)
  from space 11776K, 83% used [0x00000000e1380000,0x00000000e1d1b750,0x00000000e1f00000)
  to   space 12288K, 0% used [0x00000000e0780000,0x00000000e0780000,0x00000000e1380000)
 ParOldGen       total 55296K, used 12555K [0x0000000081c00000, 0x0000000085200000, 0x00000000d5f00000)
  object space 55296K, 22% used [0x0000000081c00000,0x0000000082842e30,0x0000000085200000)
 Metaspace       used 33862K, capacity 35366K, committed 35416K, reserved 1079296K
  class space    used 4382K, capacity 4689K, committed 4736K, reserved 1048576K
}
Event: 11.618 GC heap before
{Heap before GC invocations=10 (full 2):
 PSYoungGen      total 184320K, used 9837K [0x00000000d5f00000, 0x00000000e2280000, 0x0000000100000000)
  eden space 172544K, 0% used [0x00000000d5f00000,0x00000000d5f00000,0x00000000e0780000)
  from space 11776K, 83% used [0x00000000e1380000,0x00000000e1d1b750,0x00000000e1f00000)
  to   space 12288K, 0% used [0x00000000e0780000,0x00000000e0780000,0x00000000e1380000)
 ParOldGen       total 55296K, used 12555K [0x0000000081c00000, 0x0000000085200000, 0x00000000d5f00000)
  object space 55296K, 22% used [0x0000000081c00000,0x0000000082842e30,0x0000000085200000)
 Metaspace       used 33862K, capacity 35366K, committed 35416K, reserved 1079296K
  class space    used 4382K, capacity 4689K, committed 4736K, reserved 1048576K
Event: 11.725 GC heap after
Heap after GC invocations=10 (full 2):
 PSYoungGen      total 184320K, used 0K [0x00000000d5f00000, 0x00000000e2280000, 0x0000000100000000)
  eden space 172544K, 0% used [0x00000000d5f00000,0x00000000d5f00000,0x00000000e0780000)
  from space 11776K, 0% used [0x00000000e1380000,0x00000000e1380000,0x00000000e1f00000)
  to   space 12288K, 0% used [0x00000000e0780000,0x00000000e0780000,0x00000000e1380000)
 ParOldGen       total 83456K, used 14144K [0x0000000081c00000, 0x0000000086d80000, 0x00000000d5f00000)
  object space 83456K, 16% used [0x0000000081c00000,0x00000000829d0190,0x0000000086d80000)
 Metaspace       used 33862K, capacity 35366K, committed 35416K, reserved 1079296K
  class space    used 4382K, capacity 4689K, committed 4736K, reserved 1048576K
}
Event: 15.998 GC heap before
{Heap before GC invocations=11 (full 2):
 PSYoungGen      total 184320K, used 172544K [0x00000000d5f00000, 0x00000000e2280000, 0x0000000100000000)
  eden space 172544K, 100% used [0x00000000d5f00000,0x00000000e0780000,0x00000000e0780000)
  from space 11776K, 0% used [0x00000000e1380000,0x00000000e1380000,0x00000000e1f00000)
  to   space 12288K, 0% used [0x00000000e0780000,0x00000000e0780000,0x00000000e1380000)
 ParOldGen       total 83456K, used 14144K [0x0000000081c00000, 0x0000000086d80000, 0x00000000d5f00000)
  object space 83456K, 16% used [0x0000000081c00000,0x00000000829d0190,0x0000000086d80000)
 Metaspace       used 45961K, capacity 47634K, committed 48000K, reserved 1091584K
  class space    used 6085K, capacity 6419K, committed 6528K, reserved 1048576K
Event: 16.018 GC heap after
Heap after GC invocations=11 (full 2):
 PSYoungGen      total 184832K, used 12272K [0x00000000d5f00000, 0x00000000e5b00000, 0x0000000100000000)
  eden space 172544K, 0% used [0x00000000d5f00000,0x00000000d5f00000,0x00000000e0780000)
  from space 12288K, 99% used [0x00000000e0780000,0x00000000e137c2f0,0x00000000e1380000)
  to   space 15872K, 0% used [0x00000000e4b80000,0x00000000e4b80000,0x00000000e5b00000)
 ParOldGen       total 83456K, used 18838K [0x0000000081c00000, 0x0000000086d80000, 0x00000000d5f00000)
  object space 83456K, 22% used [0x0000000081c00000,0x0000000082e659a8,0x0000000086d80000)
 Metaspace       used 45961K, capacity 47634K, committed 48000K, reserved 1091584K
  class space    used 6085K, capacity 6419K, committed 6528K, reserved 1048576K
}
Event: 21.346 GC heap before
{Heap before GC invocations=12 (full 2):
 PSYoungGen      total 184832K, used 164329K [0x00000000d5f00000, 0x00000000e5b00000, 0x0000000100000000)
  eden space 172544K, 88% used [0x00000000d5f00000,0x00000000df37e3a0,0x00000000e0780000)
  from space 12288K, 99% used [0x00000000e0780000,0x00000000e137c2f0,0x00000000e1380000)
  to   space 15872K, 0% used [0x00000000e4b80000,0x00000000e4b80000,0x00000000e5b00000)
 ParOldGen       total 83456K, used 18838K [0x0000000081c00000, 0x0000000086d80000, 0x00000000d5f00000)
  object space 83456K, 22% used [0x0000000081c00000,0x0000000082e659a8,0x0000000086d80000)
 Metaspace       used 56851K, capacity 58758K, committed 59008K, reserved 1099776K
  class space    used 7694K, capacity 8047K, committed 8064K, reserved 1048576K
Event: 21.386 GC heap after
Heap after GC invocations=12 (full 2):
 PSYoungGen      total 238080K, used 15854K [0x00000000d5f00000, 0x00000000e6000000, 0x0000000100000000)
  eden space 222208K, 0% used [0x00000000d5f00000,0x00000000d5f00000,0x00000000e3800000)
  from space 15872K, 99% used [0x00000000e4b80000,0x00000000e5afb980,0x00000000e5b00000)
  to   space 19968K, 0% used [0x00000000e3800000,0x00000000e3800000,0x00000000e4b80000)
 ParOldGen       total 83456K, used 24212K [0x0000000081c00000, 0x0000000086d80000, 0x00000000d5f00000)
  object space 83456K, 29% used [0x0000000081c00000,0x00000000833a5180,0x0000000086d80000)
 Metaspace       used 56851K, capacity 58758K, committed 59008K, reserved 1099776K
  class space    used 7694K, capacity 8047K, committed 8064K, reserved 1048576K
}
Event: 21.386 GC heap before
{Heap before GC invocations=13 (full 3):
 PSYoungGen      total 238080K, used 15854K [0x00000000d5f00000, 0x00000000e6000000, 0x0000000100000000)
  eden space 222208K, 0% used [0x00000000d5f00000,0x00000000d5f00000,0x00000000e3800000)
  from space 15872K, 99% used [0x00000000e4b80000,0x00000000e5afb980,0x00000000e5b00000)
  to   space 19968K, 0% used [0x00000000e3800000,0x00000000e3800000,0x00000000e4b80000)
 ParOldGen       total 83456K, used 24212K [0x0000000081c00000, 0x0000000086d80000, 0x00000000d5f00000)
  object space 83456K, 29% used [0x0000000081c00000,0x00000000833a5180,0x0000000086d80000)
 Metaspace       used 56851K, capacity 58758K, committed 59008K, reserved 1099776K
  class space    used 7694K, capacity 8047K, committed 8064K, reserved 1048576K
Event: 21.663 GC heap after
Heap after GC invocations=13 (full 3):
 PSYoungGen      total 238080K, used 0K [0x00000000d5f00000, 0x00000000e6000000, 0x0000000100000000)
  eden space 222208K, 0% used [0x00000000d5f00000,0x00000000d5f00000,0x00000000e3800000)
  from space 15872K, 0% used [0x00000000e4b80000,0x00000000e4b80000,0x00000000e5b00000)
  to   space 19968K, 0% used [0x00000000e3800000,0x00000000e3800000,0x00000000e4b80000)
 ParOldGen       total 83456K, used 33668K [0x0000000081c00000, 0x0000000086d80000, 0x00000000d5f00000)
  object space 83456K, 40% used [0x0000000081c00000,0x0000000083ce10f0,0x0000000086d80000)
 Metaspace       used 56851K, capacity 58758K, committed 59008K, reserved 1099776K
  class space    used 7694K, capacity 8047K, committed 8064K, reserved 1048576K
}

Deoptimization events (10 events):
Event: 23.654 Thread 0x0000000002a97000 Uncommon trap: reason=class_check action=maybe_recompile pc=0x0000000003513db8 method=org.springframework.core.ResolvableType.calculateHashCode()I @ 23
Event: 23.672 Thread 0x0000000002a97000 Uncommon trap: reason=class_check action=maybe_recompile pc=0x0000000003513db8 method=org.springframework.core.ResolvableType.calculateHashCode()I @ 23
Event: 23.673 Thread 0x0000000002a97000 Uncommon trap: reason=class_check action=maybe_recompile pc=0x0000000003513db8 method=org.springframework.core.ResolvableType.calculateHashCode()I @ 23
Event: 24.071 Thread 0x0000000002a97000 Uncommon trap: reason=unstable_if action=reinterpret pc=0x000000000409007c method=org.springframework.core.annotation.AnnotatedElementUtils.searchWithFindSemantics(Ljava/lang/reflect/AnnotatedElement;Ljava/util/Set;Ljava/lang/String;Ljava/lang/Class;Lorg/
Event: 24.499 Thread 0x0000000002a97000 Uncommon trap: reason=class_check action=maybe_recompile pc=0x0000000003a79860 method=java.lang.reflect.Method.equals(Ljava/lang/Object;)Z @ 5
Event: 24.499 Thread 0x0000000002a97000 Uncommon trap: reason=class_check action=maybe_recompile pc=0x0000000003a79860 method=java.lang.reflect.Method.equals(Ljava/lang/Object;)Z @ 5
Event: 24.499 Thread 0x0000000002a97000 Uncommon trap: reason=class_check action=maybe_recompile pc=0x0000000003a79860 method=java.lang.reflect.Method.equals(Ljava/lang/Object;)Z @ 5
Event: 24.499 Thread 0x0000000002a97000 Uncommon trap: reason=class_check action=maybe_recompile pc=0x0000000003a79860 method=java.lang.reflect.Method.equals(Ljava/lang/Object;)Z @ 5
Event: 24.997 Thread 0x0000000002a97000 Uncommon trap: reason=unstable_if action=reinterpret pc=0x00000000040dc05c method=org.springframework.beans.factory.support.AbstractBeanFactory.isTypeMatch(Ljava/lang/String;Lorg/springframework/core/ResolvableType;)Z @ 26
Event: 25.138 Thread 0x0000000002a97000 Uncommon trap: reason=unstable_if action=reinterpret pc=0x00000000035e8ad8 method=java.io.WinNTFileSystem.isLetter(C)Z @ 3

Classes redefined (0 events):
No events

Internal exceptions (10 events):
Event: 24.014 Thread 0x0000000002a97000 Exception <a 'java/lang/ClassNotFoundException': org/springframework/web/servlet/config/annotation/DelegatingWebMvcConfigurationCustomizer> (0x00000000da756ad8) thrown at [C:\re\workspace\8-2-build-windows-amd64-cygwin\jdk8u161\10277\hotspot\src\share\vm\
Event: 24.016 Thread 0x0000000002a97000 Exception <a 'java/lang/ClassNotFoundException': org/springframework/boot/autoconfigure/web/servlet/WebMvcAutoConfiguration$EnableWebMvcConfigurationCustomizer> (0x00000000da784710) thrown at [C:\re\workspace\8-2-build-windows-amd64-cygwin\jdk8u161\10277\
Event: 24.019 Thread 0x0000000002a97000 Exception <a 'java/lang/ClassNotFoundException': org/springframework/boot/autoconfigure/web/servlet/WebMvcAutoConfiguration$EnableWebMvcConfiguration$$EnhancerBySpringCGLIB$$8dd138c3Customizer> (0x00000000da7bf168) thrown at [C:\re\workspace\8-2-build-win
Event: 24.022 Thread 0x0000000002a97000 Exception <a 'java/lang/ClassNotFoundException': org/springframework/context/annotation/ConfigurationClassEnhancer$EnhancedConfigurationCustomizer> (0x00000000da803ac0) thrown at [C:\re\workspace\8-2-build-windows-amd64-cygwin\jdk8u161\10277\hotspot\src\s
Event: 24.023 Thread 0x0000000002a97000 Exception <a 'java/lang/ClassNotFoundException': org/springframework/beans/factory/BeanFactoryAwareCustomizer> (0x00000000da81d5a0) thrown at [C:\re\workspace\8-2-build-windows-amd64-cygwin\jdk8u161\10277\hotspot\src\share\vm\classfile\systemDictionary.cp
Event: 24.026 Thread 0x0000000002a97000 Exception <a 'java/lang/ClassNotFoundException': org/springframework/beans/factory/AwareCustomizer> (0x00000000da834e00) thrown at [C:\re\workspace\8-2-build-windows-amd64-cygwin\jdk8u161\10277\hotspot\src\share\vm\classfile\systemDictionary.cpp, line 210
Event: 24.027 Thread 0x0000000002a97000 Exception <a 'java/lang/ClassNotFoundException': org/springframework/context/ApplicationContextAwareCustomizer> (0x00000000da84ec88) thrown at [C:\re\workspace\8-2-build-windows-amd64-cygwin\jdk8u161\10277\hotspot\src\share\vm\classfile\systemDictionary.c
Event: 24.028 Thread 0x0000000002a97000 Exception <a 'java/lang/ClassNotFoundException': org/springframework/beans/factory/AwareCustomizer> (0x00000000da8663a8) thrown at [C:\re\workspace\8-2-build-windows-amd64-cygwin\jdk8u161\10277\hotspot\src\share\vm\classfile\systemDictionary.cpp, line 210
Event: 24.030 Thread 0x0000000002a97000 Exception <a 'java/lang/ClassNotFoundException': org/springframework/web/context/ServletContextAwareCustomizer> (0x00000000da880288) thrown at [C:\re\workspace\8-2-build-windows-amd64-cygwin\jdk8u161\10277\hotspot\src\share\vm\classfile\systemDictionary.c
Event: 24.035 Thread 0x0000000002a97000 Exception <a 'java/lang/ClassNotFoundException': org/springframework/beans/factory/AwareCustomizer> (0x00000000da897530) thrown at [C:\re\workspace\8-2-build-windows-amd64-cygwin\jdk8u161\10277\hotspot\src\share\vm\classfile\systemDictionary.cpp, line 210

Events (10 events):
Event: 25.278 Thread 0x0000000002a97000 DEOPT PACKING pc=0x00000000040731b4 sp=0x0000000002a89470
Event: 25.278 Thread 0x0000000002a97000 DEOPT UNPACKING pc=0x0000000002da7890 sp=0x0000000002a89140 mode 1
Event: 25.278 loading class org/springframework/transaction/UnexpectedRollbackException
Event: 25.278 loading class org/springframework/transaction/UnexpectedRollbackException done
Event: 25.278 Thread 0x0000000002a97000 DEOPT PACKING pc=0x00000000040731b4 sp=0x0000000002a8b8d0
Event: 25.278 Thread 0x0000000002a97000 DEOPT UNPACKING pc=0x0000000002da7890 sp=0x0000000002a8b5a0 mode 1
Event: 25.279 loading class org/springframework/transaction/NestedTransactionNotSupportedException
Event: 25.279 loading class org/springframework/transaction/NestedTransactionNotSupportedException done
Event: 25.279 Thread 0x0000000002a97000 DEOPT PACKING pc=0x00000000040731b4 sp=0x0000000002a8b9d0
Event: 25.279 Thread 0x0000000002a97000 DEOPT UNPACKING pc=0x0000000002da7890 sp=0x0000000002a8b6a0 mode 1


Dynamic libraries:
0x00007ff638450000 - 0x00007ff638487000 	C:\Program Files\Java\jdk1.8.0_161\bin\java.exe
0x00007fffcbb10000 - 0x00007fffcbce0000 	C:\WINDOWS\SYSTEM32\ntdll.dll
0x00007fffc9480000 - 0x00007fffc952c000 	C:\WINDOWS\System32\KERNEL32.DLL
0x00007fffc84d0000 - 0x00007fffc86ed000 	C:\WINDOWS\System32\KERNELBASE.dll
0x00007fffcaec0000 - 0x00007fffcaf62000 	C:\WINDOWS\System32\ADVAPI32.dll
0x00007fffcae20000 - 0x00007fffcaebe000 	C:\WINDOWS\System32\msvcrt.dll
0x00007fffcadc0000 - 0x00007fffcae19000 	C:\WINDOWS\System32\sechost.dll
0x00007fffc9530000 - 0x00007fffc9651000 	C:\WINDOWS\System32\RPCRT4.dll
0x00007fffcb4d0000 - 0x00007fffcb635000 	C:\WINDOWS\System32\USER32.dll
0x00007fffc80b0000 - 0x00007fffc80ce000 	C:\WINDOWS\System32\win32u.dll
0x00007fffcb920000 - 0x00007fffcb954000 	C:\WINDOWS\System32\GDI32.dll
0x00007fffc8340000 - 0x00007fffc84c1000 	C:\WINDOWS\System32\gdi32full.dll
0x00007fffbbb20000 - 0x00007fffbbd9a000 	C:\WINDOWS\WinSxS\amd64_microsoft.windows.common-controls_6595b64144ccf1df_6.0.14393.2608_none_7ddacc7e8347078e\COMCTL32.dll
0x00007fffc90a0000 - 0x00007fffc9365000 	C:\WINDOWS\System32\combase.dll
0x00007fffc8180000 - 0x00007fffc8274000 	C:\WINDOWS\System32\ucrtbase.dll
0x00007fffc82d0000 - 0x00007fffc833a000 	C:\WINDOWS\System32\bcryptPrimitives.dll
0x00007fffc9430000 - 0x00007fffc945e000 	C:\WINDOWS\System32\IMM32.DLL
0x0000000068000000 - 0x0000000068066000 	C:\WINDOWS\System32\QIPCAP64.dll
0x00007fffc9770000 - 0x00007fffcac75000 	C:\WINDOWS\System32\SHELL32.dll
0x00007fffc8280000 - 0x00007fffc82c2000 	C:\WINDOWS\System32\cfgmgr32.dll
0x00007fffc89c0000 - 0x00007fffc9099000 	C:\WINDOWS\System32\windows.storage.dll
0x00007fffc7fa0000 - 0x00007fffc7fec000 	C:\WINDOWS\System32\powrprof.dll
0x00007fffc93d0000 - 0x00007fffc9422000 	C:\WINDOWS\System32\shlwapi.dll
0x00007fffc7f70000 - 0x00007fffc7f7f000 	C:\WINDOWS\System32\kernel.appcore.dll
0x00007fffc8000000 - 0x00007fffc80a9000 	C:\WINDOWS\System32\shcore.dll
0x00007fffc7f80000 - 0x00007fffc7f94000 	C:\WINDOWS\System32\profapi.dll
0x00007fffc75c0000 - 0x00007fffc7661000 	C:\WINDOWS\SYSTEM32\DNSAPI.dll
0x00007fffc9700000 - 0x00007fffc976a000 	C:\WINDOWS\System32\WS2_32.dll
0x00007fffcb7a0000 - 0x00007fffcb7a8000 	C:\WINDOWS\System32\NSI.dll
0x00007fffc7580000 - 0x00007fffc75b8000 	C:\WINDOWS\SYSTEM32\IPHLPAPI.DLL
0x000000006c750000 - 0x000000006c822000 	C:\Program Files\Java\jdk1.8.0_161\jre\bin\msvcr100.dll
0x000000006aef0000 - 0x000000006b78f000 	C:\Program Files\Java\jdk1.8.0_161\jre\bin\server\jvm.dll
0x00000000027f0000 - 0x00000000027f8000 	C:\WINDOWS\System32\PSAPI.DLL
0x00007fffc6510000 - 0x00007fffc6519000 	C:\WINDOWS\SYSTEM32\WSOCK32.dll
0x00007fffc64d0000 - 0x00007fffc64f3000 	C:\WINDOWS\SYSTEM32\WINMM.dll
0x00007fffbb060000 - 0x00007fffbb06a000 	C:\WINDOWS\SYSTEM32\VERSION.dll
0x00007fffc6450000 - 0x00007fffc647b000 	C:\WINDOWS\SYSTEM32\WINMMBASE.dll
0x000000006e140000 - 0x000000006e14f000 	C:\Program Files\Java\jdk1.8.0_161\jre\bin\verify.dll
0x000000006e110000 - 0x000000006e139000 	C:\Program Files\Java\jdk1.8.0_161\jre\bin\java.dll
0x000000006c710000 - 0x000000006c745000 	C:\Program Files\Java\jdk1.8.0_161\jre\bin\jdwp.dll
0x000000006e0e0000 - 0x000000006e0e8000 	C:\Program Files\Java\jdk1.8.0_161\jre\bin\npt.dll
0x000000006ce20000 - 0x000000006ce43000 	C:\Program Files\Java\jdk1.8.0_161\jre\bin\instrument.dll
0x000000006e0f0000 - 0x000000006e106000 	C:\Program Files\Java\jdk1.8.0_161\jre\bin\zip.dll
0x000000006c700000 - 0x000000006c709000 	C:\Program Files\Java\jdk1.8.0_161\jre\bin\dt_socket.dll
0x00007fffc77f0000 - 0x00007fffc784c000 	C:\WINDOWS\system32\mswsock.dll
0x000000006c6b0000 - 0x000000006c6bd000 	C:\Program Files\Java\jdk1.8.0_161\jre\bin\management.dll
0x000000006c6e0000 - 0x000000006c6fa000 	C:\Program Files\Java\jdk1.8.0_161\jre\bin\net.dll
0x00007fffb37b0000 - 0x00007fffb37c6000 	C:\WINDOWS\system32\napinsp.dll
0x00007fffb3790000 - 0x00007fffb37aa000 	C:\WINDOWS\system32\pnrpnsp.dll
0x00007fffc5890000 - 0x00007fffc58a8000 	C:\WINDOWS\system32\NLAapi.dll
0x00007fffb3780000 - 0x00007fffb378e000 	C:\WINDOWS\System32\winrnr.dll
0x00007fffb3760000 - 0x00007fffb3775000 	C:\WINDOWS\System32\wshbth.dll
0x00007fffbfd30000 - 0x00007fffbfd3a000 	C:\Windows\System32\rasadhlp.dll
0x00007fffc5290000 - 0x00007fffc52fa000 	C:\WINDOWS\System32\fwpuclnt.dll
0x00007fffc7eb0000 - 0x00007fffc7edb000 	C:\WINDOWS\SYSTEM32\bcrypt.dll
0x000000006c6c0000 - 0x000000006c6d1000 	C:\Program Files\Java\jdk1.8.0_161\jre\bin\nio.dll
0x00007fffc79d0000 - 0x00007fffc79e7000 	C:\WINDOWS\SYSTEM32\CRYPTSP.dll
0x00007fffc7410000 - 0x00007fffc7443000 	C:\WINDOWS\system32\rsaenh.dll
0x00007fffc7680000 - 0x00007fffc769f000 	C:\WINDOWS\SYSTEM32\USERENV.dll
0x00007fffc79b0000 - 0x00007fffc79bb000 	C:\WINDOWS\SYSTEM32\CRYPTBASE.dll
0x00007fffc51f0000 - 0x00007fffc5206000 	C:\WINDOWS\SYSTEM32\dhcpcsvc6.DLL
0x00007fffc48b0000 - 0x00007fffc48ca000 	C:\WINDOWS\SYSTEM32\dhcpcsvc.DLL

VM Arguments:
jvm_args: -agentlib:jdwp=transport=dt_socket,address=127.0.0.1:59579,suspend=y,server=n -javaagent:C:\Users\rb25788\.IdeaIC2017.3\system\captureAgent\debugger-agent.jar=C:\Users\rb25788\AppData\Local\Temp\capture23831.props -Dfile.encoding=UTF-8 
java_command: sebaszczen.App
java_class_path (initial): C:\Program Files\Java\jdk1.8.0_161\jre\lib\charsets.jar;C:\Program Files\Java\jdk1.8.0_161\jre\lib\deploy.jar;C:\Program Files\Java\jdk1.8.0_161\jre\lib\ext\access-bridge-64.jar;C:\Program Files\Java\jdk1.8.0_161\jre\lib\ext\cldrdata.jar;C:\Program Files\Java\jdk1.8.0_161\jre\lib\ext\dnsns.jar;C:\Program Files\Java\jdk1.8.0_161\jre\lib\ext\jaccess.jar;C:\Program Files\Java\jdk1.8.0_161\jre\lib\ext\jfxrt.jar;C:\Program Files\Java\jdk1.8.0_161\jre\lib\ext\localedata.jar;C:\Program Files\Java\jdk1.8.0_161\jre\lib\ext\nashorn.jar;C:\Program Files\Java\jdk1.8.0_161\jre\lib\ext\sunec.jar;C:\Program Files\Java\jdk1.8.0_161\jre\lib\ext\sunjce_provider.jar;C:\Program Files\Java\jdk1.8.0_161\jre\lib\ext\sunmscapi.jar;C:\Program Files\Java\jdk1.8.0_161\jre\lib\ext\sunpkcs11.jar;C:\Program Files\Java\jdk1.8.0_161\jre\lib\ext\zipfs.jar;C:\Program Files\Java\jdk1.8.0_161\jre\lib\javaws.jar;C:\Program Files\Java\jdk1.8.0_161\jre\lib\jce.jar;C:\Program Files\Java\jdk1.8.0_161\jre\lib\jfr.jar;C:\Program Files\Java\jdk1.8.0_161\jre\lib\jfxswt.jar;C:\Program Files\Java\jdk1.8.0_161\jre\lib\jsse.jar;C:\Program Files\Java\jdk1.8.0_161\jre\lib\management-agent.jar;C:\Program Files\Java\jdk1.8.0_161\jre\lib\plugin.jar;C:\Program Files\Java\jdk1.8.0_161\jre\lib\resources.jar;C:\Program Files\Java\jdk1.8.0_161\jre\lib\rt.jar;C:\Nowy folder\weatherApp\target\classes;C:\Users\rb25788\.m2\repository\org\springframework\boot\spring-boot-starter-hateoas\2.1.2.RELEASE\spring-boot-starter-hateoas-2.1.2.RELEASE.jar;C:\Users\rb25788\.m2\repository\org\springframework\hateoas\spring-hateoas\0.25.0.RELEASE\spring-hateoas-0.25.0.RELEASE.jar;C:\Users\rb25788\.m2\repository\org\springframework\spring-aop\5.1.4.RELEASE\spring-aop-5.1.4.RELEASE.jar;C:\Users\rb25788\.m2\repository\org\springframework\plugin\spring-plugin-core\1.2.0.RELEASE\spring-plugin-core-1.2.0.RELEASE.jar;C:\Users\rb25788\.m2\repository\org\modelmapper\modelmapper\2.3.2\modelmapper-2.3.2.jar;C:\Users\rb25788
Launcher Type: SUN_STANDARD

Environment Variables:
JAVA_HOME=C:\Program Files\Java\jdk1.8.0_161
PATH=C:\Program Files (x86)\Common Files\Oracle\Java\javapath;C:\ProgramData\Oracle\Java\javapath;C:\Oracle\product\12.1.0\client_1\bin;C:\WINDOWS\system32;C:\WINDOWS;C:\WINDOWS\System32\Wbem;C:\WINDOWS\System32\WindowsPowerShell\v1.0\;c:\MAVEN;C:\maven\apache-maven-3.5.2\;C:\maven\apache-maven-3.5.2\bin\;C:\Program Files\MySQL\MySQL Utilities 1.6\;C:\Program Files\nodejs\;C:\Users\rb25788\AppData\Local\Microsoft\WindowsApps;C:\Users\rb25788\AppData\Local\Programs\Git\cmd;C:\Users\rb25788\AppData\Local\Programs\Microsoft VS Code\bin;C:\Users\rb25788\AppData\Roaming\npm
USERNAME=rb25788
OS=Windows_NT
PROCESSOR_IDENTIFIER=Intel64 Family 6 Model 78 Stepping 3, GenuineIntel



---------------  S Y S T E M  ---------------

OS: Windows 10.0 , 64 bit Build 14393 (10.0.14393.2608)

CPU:total 4 (initial active 4) (2 cores per cpu, 2 threads per core) family 6 model 78 stepping 3, cmov, cx8, fxsr, mmx, sse, sse2, sse3, ssse3, sse4.1, sse4.2, popcnt, avx, avx2, aes, clmul, erms, 3dnowpref, lzcnt, ht, tsc, tscinvbit, bmi1, bmi2, adx

Memory: 4k page, physical 8266320k(1331924k free), swap 16170036k(6428k free)

vm_info: Java HotSpot(TM) 64-Bit Server VM (25.161-b12) for windows-amd64 JRE (1.8.0_161-b12), built on Dec 19 2017 17:52:25 by "java_re" with MS VC++ 10.0 (VS2010)

time: Mon Apr 15 22:03:47 2019
elapsed time: 25 seconds (0d 0h 0m 25s)

